<?xml version="1.0" encoding="UTF-8"?>
<testsuite name="SILab2Test" tests="2" skipped="0" failures="0" errors="0" timestamp="2020-06-11T12:20:09" hostname="NIKOLA-LAPTOP" time="0.032">
  <properties/>
  <testcase name="everyPathCriterion()" classname="SILab2Test" time="0.029"/>
  <testcase name="functionMultipleCondition()" classname="SILab2Test" time="0.002"/>
  <system-out><![CDATA[Every path criterion
Multiple condition criterion
]]></system-out>
  <system-err><![CDATA[]]></system-err>
</testsuite>
